[INFO] Scanning for projects...
[INFO] Tycho Version:  5.0.2 (9f65dc09a72ee08f29cc8a4d5381a45b33dc7144)
[INFO] Tycho Mode:     project
[INFO] Tycho Builder:  maven
[INFO] Build Threads:  1
[INFO] ------------------------------------------------------------------------
[INFO] Reactor Build Order:
[INFO]
[INFO] moreunit                                                           [pom]
[INFO] org.moreunit.core.test                             [eclipse-test-plugin]
[INFO] org.moreunit.test                                  [eclipse-test-plugin]
[INFO] org.moreunit.mock.test                             [eclipse-test-plugin]
[INFO]
[INFO] -----------------------< org.moreunit:moreunit >------------------------
[INFO] Building moreunit 4.0.2-SNAPSHOT                                   [1/4]
[INFO]   from pom.xml
[INFO] --------------------------------[ pom ]---------------------------------
[INFO]
[INFO] --- clean:3.2.0:clean (default-clean) @ moreunit ---
[INFO] Deleting /app/org.moreunit.build/target
[INFO]
[INFO] --- antrun:3.2.0:run (avoid-equinox-exception) @ moreunit ---
[INFO] Executing tasks
[INFO] Executed tasks
[INFO]
[INFO] ----------------< org.moreunit:org.moreunit.core.test >-----------------
[INFO] Building org.moreunit.core.test 4.0.2-SNAPSHOT                     [2/4]
[INFO]   from /app/org.moreunit.core.test/pom.xml
[INFO] ------------------------[ eclipse-test-plugin ]-------------------------
[INFO] Resolving target definition file:/app/org.moreunit.core.test/../org.moreunit.build/eclipse-latest.target for environments=[linux/gtk/x86_64, win32/win32/x86_64, macosx/cocoa/x86_64], include source mode=honor, referenced repository mode =include, execution environment=StandardEEResolutionHints [executionEnvironment=OSGi profile 'JavaSE-21' { source level: 21, target level: 21}] with Tycho Provisioning Agent (extension>org.eclipse.tycho:tycho-maven-plugin:5.0.2)
[INFO] ### Using TychoRepositoryTransport for remote P2 access ###
[INFO]     Cache location:         /home/jules/.m2/repository/.cache/tycho
[INFO]     Transport mode:         online
[INFO]     Http Transport type:    Java11Client
[INFO]     Update mode:            cache first
[INFO]     Minimum cache duration: 60 minutes
[INFO]       (you can configure this with -Dtycho.p2.transport.min-cache-minutes=<desired minimum cache duration>)
[INFO] Downloading from p2: https://download.eclipse.org/eclipse/updates/latest/p2.index
[INFO] Downloaded from p2: https://download.eclipse.org/eclipse/updates/latest/p2.index (158 bytes at 0 bytes/s)
[INFO] Downloading from p2: https://download.eclipse.org/eclipse/updates/4.39/p2.index
[INFO] Downloaded from p2: https://download.eclipse.org/eclipse/updates/4.39/p2.index (158 bytes at 154 KB/s)
[INFO] Downloading from p2: https://download.eclipse.org/eclipse/updates/4.39/R-4.39-202602260420/p2.index
[INFO] Downloaded from p2: https://download.eclipse.org/eclipse/updates/4.39/R-4.39-202602260420/p2.index (172 bytes at 167 KB/s)
[INFO] Downloading from p2: https://testng.org/testng-eclipse-update-site/p2.index
[INFO] Downloading from p2: https://testng.org/testng-eclipse-update-site/6.9.13/p2.index
[INFO] Downloading from p2: https://testng.org/testng-eclipse-update-site/updatesites/6.9.13.201609291640/p2.index
[INFO] Downloading from p2: https://testng.org/testng-eclipse-update-site/6.9.12/p2.index
[INFO] Downloading from p2: https://testng.org/testng-eclipse-update-site/updatesites/6.9.12.201607091356/p2.index
[INFO] Downloading from p2: https://testng.org/testng-eclipse-update-site/6.9.11/p2.index
[INFO] Downloading from p2: https://testng.org/testng-eclipse-update-site/updatesites/6.9.11.201604020423/p2.index
[INFO] Downloading from p2: https://testng.org/testng-eclipse-update-site/6.9.10/p2.index
[INFO] Downloading from p2: https://testng.org/testng-eclipse-update-site/updatesites/6.9.10.201512240000/p2.index
[INFO] Downloading from p2: https://testng.org/testng-eclipse-update-site/6.9.5/p2.index
[INFO] Downloading from p2: https://testng.org/testng-eclipse-update-site/updatesites/6.9.5.201505251947/p2.index
[INFO] Downloading from p2: https://testng.org/testng-eclipse-update-site/6.10.0/p2.index
[INFO] Downloading from p2: https://testng.org/testng-eclipse-update-site/updatesites/6.10.0.201612030230/p2.index
[INFO] Downloading from p2: https://testng.org/testng-eclipse-update-site/6.11.0/p2.index
[INFO] Downloading from p2: https://testng.org/testng-eclipse-update-site/updatesites/6.11.0.201703011520/p2.index
[INFO] Downloading from p2: https://testng.org/testng-eclipse-update-site/6.12.0/p2.index
[INFO] Downloading from p2: https://testng.org/testng-eclipse-update-site/updatesites/6.12.0.201709030110/p2.index
[INFO] Downloaded from p2: https://testng.org/testng-eclipse-update-site/updatesites/6.12.0.201709030110/p2.index (172 bytes at 167 KB/s)
[INFO] Downloading from p2: https://testng.org/testng-eclipse-update-site/updatesites/6.12.0.201709050550/p2.index
[INFO] Downloaded from p2: https://testng.org/testng-eclipse-update-site/updatesites/6.12.0.201709050550/p2.index (172 bytes at 167 KB/s)
[INFO] Downloading from p2: https://testng.org/testng-eclipse-update-site/6.13.0/p2.index
[INFO] Downloading from p2: https://testng.org/testng-eclipse-update-site/updatesites/6.13.0.201712040650/p2.index
[INFO] Downloaded from p2: https://testng.org/testng-eclipse-update-site/updatesites/6.13.0.201712040650/p2.index (172 bytes at 167 KB/s)
[INFO] Downloading from p2: https://testng.org/testng-eclipse-update-site/6.14.0/p2.index
[INFO] Downloading from p2: https://testng.org/testng-eclipse-update-site/updatesites/6.14.0.201802161500/p2.index
[INFO] Downloaded from p2: https://testng.org/testng-eclipse-update-site/updatesites/6.14.0.201802161500/p2.index (172 bytes at 167 KB/s)
[INFO] Downloading from p2: https://testng.org/testng-eclipse-update-site/6.14.3/p2.index
[INFO] Downloading from p2: https://testng.org/testng-eclipse-update-site/updatesites/6.14.3.201902250526/p2.index
[INFO] Downloaded from p2: https://testng.org/testng-eclipse-update-site/updatesites/6.14.3.201902250526/p2.index (172 bytes at 167 KB/s)
[INFO] Downloading from p2: https://testng.org/testng-eclipse-update-site/7.0.0/p2.index
[INFO] Downloaded from p2: https://testng.org/testng-eclipse-update-site/7.0.0/p2.index (128 bytes at 125 KB/s)
[INFO] Downloading from p2: https://testng.org/testng-eclipse-update-site/updatesites/7.0.0.201908201535/p2.index
[INFO] Downloaded from p2: https://testng.org/testng-eclipse-update-site/updatesites/7.0.0.201908201535/p2.index (172 bytes at 167 KB/s)
[INFO] Downloading from p2: https://testng.org/testng-eclipse-update-site/updatesites/7.0.0.201908240652/p2.index
[INFO] Downloaded from p2: https://testng.org/testng-eclipse-update-site/updatesites/7.0.0.201908240652/p2.index (172 bytes at 167 KB/s)
[INFO] Downloading from p2: https://testng.org/testng-eclipse-update-site/7.1.0/p2.index
[INFO] Downloaded from p2: https://testng.org/testng-eclipse-update-site/7.1.0/p2.index (128 bytes at 125 KB/s)
[INFO] Downloading from p2: https://testng.org/testng-eclipse-update-site/updatesites/7.1.0.202003090500/p2.index
[INFO] Downloaded from p2: https://testng.org/testng-eclipse-update-site/updatesites/7.1.0.202003090500/p2.index (172 bytes at 167 KB/s)
[INFO] Downloading from p2: https://testng.org/testng-eclipse-update-site/7.1.1/p2.index
[INFO] Downloaded from p2: https://testng.org/testng-eclipse-update-site/7.1.1/p2.index (128 bytes at 125 KB/s)
[INFO] Downloading from p2: https://testng.org/testng-eclipse-update-site/updatesites/7.1.1.202003100345/p2.index
[INFO] Downloaded from p2: https://testng.org/testng-eclipse-update-site/updatesites/7.1.1.202003100345/p2.index (172 bytes at 167 KB/s)
[INFO] Downloading from p2: https://testng.org/testng-eclipse-update-site/7.2.0/p2.index
[INFO] Downloaded from p2: https://testng.org/testng-eclipse-update-site/7.2.0/p2.index (128 bytes at 41 KB/s)
[INFO] Downloading from p2: https://testng.org/testng-eclipse-update-site/updatesites/7.2.0.202004281604/p2.index
[INFO] Downloaded from p2: https://testng.org/testng-eclipse-update-site/updatesites/7.2.0.202004281604/p2.index (172 bytes at 167 KB/s)
[INFO] Downloading from p2: https://testng.org/testng-eclipse-update-site/updatesites/7.2.0.202005051752/p2.index
[INFO] Downloaded from p2: https://testng.org/testng-eclipse-update-site/updatesites/7.2.0.202005051752/p2.index (172 bytes at 167 KB/s)
[INFO] Downloading from p2: https://testng.org/testng-eclipse-update-site/7.3.0/p2.index
[INFO] Downloaded from p2: https://testng.org/testng-eclipse-update-site/7.3.0/p2.index (128 bytes at 125 KB/s)
[INFO] Downloading from p2: https://testng.org/testng-eclipse-update-site/updatesites/7.3.0.202008060412/p2.index
[INFO] Downloaded from p2: https://testng.org/testng-eclipse-update-site/updatesites/7.3.0.202008060412/p2.index (172 bytes at 167 KB/s)
[INFO] Downloading from p2: https://testng.org/testng-eclipse-update-site/7.4.0/p2.index
[INFO] Downloaded from p2: https://testng.org/testng-eclipse-update-site/7.4.0/p2.index (128 bytes at 125 KB/s)
[INFO] Downloading from p2: https://testng.org/testng-eclipse-update-site/updatesites/7.4.0.202105021622/p2.index
[INFO] Downloaded from p2: https://testng.org/testng-eclipse-update-site/updatesites/7.4.0.202105021622/p2.index (172 bytes at 167 KB/s)
[INFO] Downloading from p2: https://testng.org/testng-eclipse-update-site/updatesites/7.4.0.202106051955/p2.index
[INFO] Downloaded from p2: https://testng.org/testng-eclipse-update-site/updatesites/7.4.0.202106051955/p2.index (172 bytes at 167 KB/s)
[INFO] Downloading from p2: https://testng.org/testng-eclipse-update-site/7.8.0/p2.index
[INFO] Downloading from p2: https://testng.org/testng-eclipse-update-site/updatesites/7.8.0.202308061717/p2.index
[INFO] Downloaded from p2: https://testng.org/testng-eclipse-update-site/updatesites/7.8.0.202308061717/p2.index (172 bytes at 167 KB/s)
[INFO] Downloading from p2: https://testng.org/testng-eclipse-update-site/updatesites/7.8.0.202306071550/p2.index
[INFO] Downloaded from p2: https://testng.org/testng-eclipse-update-site/updatesites/7.8.0.202306071550/p2.index (172 bytes at 167 KB/s)
[INFO] Downloading from p2: https://testng.org/testng-eclipse-update-site/7.9.0/p2.index
[INFO] Downloading from p2: https://testng.org/testng-eclipse-update-site/updatesites/7.9.0.202312310355/p2.index
[INFO] Downloaded from p2: https://testng.org/testng-eclipse-update-site/updatesites/7.9.0.202312310355/p2.index (172 bytes at 167 KB/s)
[INFO] Downloading from p2: https://testng.org/testng-eclipse-update-site/7.10.0/p2.index
[INFO] Downloading from p2: https://testng.org/testng-eclipse-update-site/updatesites/7.10.0.202404131040/p2.index
[INFO] Downloaded from p2: https://testng.org/testng-eclipse-update-site/updatesites/7.10.0.202404131040/p2.index (172 bytes at 167 KB/s)
[INFO] Downloading from p2: https://testng.org/testng-eclipse-update-site/7.10.2/p2.index
[INFO] Downloading from p2: https://testng.org/testng-eclipse-update-site/updatesites/7.10.2.202503082113/p2.index
[INFO] Downloaded from p2: https://testng.org/testng-eclipse-update-site/updatesites/7.10.2.202503082113/p2.index (172 bytes at 167 KB/s)
[INFO] Downloading from p2: https://testng.org/testng-eclipse-update-site/7.11.0/p2.index
[INFO] Downloading from p2: https://testng.org/testng-eclipse-update-site/updatesites/7.11.0.202503091801/p2.index
[INFO] Downloaded from p2: https://testng.org/testng-eclipse-update-site/updatesites/7.11.0.202503091801/p2.index (172 bytes at 167 KB/s)
[INFO] Downloading from p2: https://testng.org/testng-p2-update-site/p2.index
[INFO] Downloading from p2: https://testng.org/testng-p2-update-site/6.11.0/p2.index
[INFO] Downloading from p2: https://testng.org/testng-p2-update-site/updatesites/6.11.0.r201704240320/p2.index
[INFO] Downloading from p2: https://testng.org/testng-p2-update-site/6.12.0/p2.index
[INFO] Downloading from p2: https://testng.org/testng-p2-update-site/updatesites/6.12.0.r201709030044/p2.index
[INFO] Downloading from p2: https://testng.org/testng-p2-update-site/6.13.1/p2.index
[INFO] Downloading from p2: https://testng.org/testng-p2-update-site/updatesites/6.13.1.r201712040202/p2.index
[INFO] Downloading from p2: https://testng.org/testng-p2-update-site/updatesites/6.13.1.r201712040515/p2.index
[INFO] Downloading from p2: https://testng.org/testng-p2-update-site/6.14.2/p2.index
[INFO] Downloading from p2: https://testng.org/testng-p2-update-site/updatesites/6.14.2.r201802161450/p2.index
[INFO] Downloading from p2: https://testng.org/testng-p2-update-site/6.14.3/p2.index
[INFO] Downloading from p2: https://testng.org/testng-p2-update-site/updatesites/6.14.3.r201802240500/p2.index
[INFO] Downloading from p2: https://testng.org/testng-p2-update-site/7.0.0/p2.index
[INFO] Downloading from p2: https://testng.org/testng-p2-update-site/updatesites/7.0.0.r201908191551/p2.index
[INFO] Downloading from p2: https://testng.org/testng-p2-update-site/7.1.0/p2.index
[INFO] Downloading from p2: https://testng.org/testng-p2-update-site/updatesites/7.1.0.r202001120626/p2.index
[INFO] Downloading from p2: https://testng.org/testng-p2-update-site/7.2.0/p2.index
[INFO] Downloading from p2: https://testng.org/testng-p2-update-site/updatesites/7.2.0.r202003151902/p2.index
[INFO] Downloading from p2: https://testng.org/testng-p2-update-site/7.3.0/p2.index
[INFO] Downloading from p2: https://testng.org/testng-p2-update-site/updatesites/7.3.0.r202008060316/p2.index
[INFO] Downloading from p2: https://testng.org/testng-p2-update-site/7.4.0/p2.index
[INFO] Downloading from p2: https://testng.org/testng-p2-update-site/updatesites/7.4.0.r202105021533/p2.index
[INFO] Downloading from p2: https://testng.org/testng-p2-update-site/7.5.0/p2.index
[INFO] Downloading from p2: https://testng.org/testng-p2-update-site/updatesites/7.5.0.r202201070709/p2.index
[INFO] Downloading from p2: https://testng.org/testng-p2-update-site/7.6.1/p2.index
[INFO] Downloading from p2: https://testng.org/testng-p2-update-site/updatesites/7.6.1.r202207070546/p2.index
[INFO] Downloading from p2: https://testng.org/testng-p2-update-site/7.7.0/p2.index
[INFO] Downloading from p2: https://testng.org/testng-p2-update-site/updatesites/7.7.0.r202306070455/p2.index
[INFO] Downloading from p2: https://testng.org/testng-p2-update-site/7.7.1/p2.index
[INFO] Downloading from p2: https://testng.org/testng-p2-update-site/updatesites/7.7.1.r202305281608/p2.index
[INFO] Downloading from p2: https://testng.org/testng-p2-update-site/7.8.0/p2.index
[INFO] Downloading from p2: https://testng.org/testng-p2-update-site/updatesites/7.8.0.r202306071539/p2.index
[INFO] Downloading from p2: https://testng.org/testng-p2-update-site/7.9.0/p2.index
[INFO] Downloading from p2: https://testng.org/testng-p2-update-site/updatesites/7.9.0.r202312310341/p2.index
[INFO] Downloading from p2: https://testng.org/testng-p2-update-site/7.10.1/p2.index
[INFO] Downloading from p2: https://testng.org/testng-p2-update-site/updatesites/7.10.1.r202404130807/p2.index
[INFO] Downloading from p2: https://testng.org/testng-p2-update-site/7.10.2/p2.index
[INFO] Downloading from p2: https://testng.org/testng-p2-update-site/updatesites/7.10.2.r202404291553/p2.index
[INFO] Downloading from p2: https://testng.org/testng-p2-update-site/7.11.0/p2.index
[INFO] Downloading from p2: https://testng.org/testng-p2-update-site/updatesites/7.11.0.r202503091654/p2.index
[INFO] Downloading from p2: http://download.eclipse.org/technology/m2e/releases/p2.index
[INFO] Downloading from p2: http://download.eclipse.org/technology/m2e/releases/site.xml
[WARNING] Skip referenced repository: http://download.eclipse.org/technology/m2e/releases/: org.eclipse.equinox.p2.core.ProvisionException: No repository found at http://download.eclipse.org/technology/m2e/releases.
[INFO] Downloading from p2: https://download.eclipse.org/technology/m2e/releases/latest/p2.index
[INFO] Downloaded from p2: https://download.eclipse.org/technology/m2e/releases/latest/p2.index (172 bytes at 167 KB/s)
[INFO] Downloading from p2: https://download.eclipse.org/wildwebdeveloper/releases/1.4.0/p2.index
[INFO] Downloaded from p2: https://download.eclipse.org/wildwebdeveloper/releases/1.4.0/p2.index (172 bytes at 167 KB/s)
[INFO] Downloading from p2: https://download.eclipse.org/webtools/downloads/drops/R3.40.0/R-3.40.0-20251124015847/repository/p2.index
[INFO] Downloaded from p2: https://download.eclipse.org/webtools/downloads/drops/R3.40.0/R-3.40.0-20251124015847/repository/p2.index (172 bytes at 167 KB/s)
[INFO] Downloading from p2: https://download.eclipse.org/egit/updates-7.6/p2.index
[INFO] Downloaded from p2: https://download.eclipse.org/egit/updates-7.6/p2.index (172 bytes at 167 KB/s)
[INFO] Downloading from p2: https://download.eclipse.org/tools/orbit/simrel/orbit-aggregation/release/4.36.0/p2.index
[INFO] Downloaded from p2: https://download.eclipse.org/tools/orbit/simrel/orbit-aggregation/release/4.36.0/p2.index (172 bytes at 55 KB/s)
[INFO] Downloading from p2: https://download.eclipse.org/modeling/emf/emf/builds/release/2.45.0/p2.index
[INFO] Downloaded from p2: https://download.eclipse.org/modeling/emf/emf/builds/release/2.45.0/p2.index (172 bytes at 167 KB/s)
[INFO] Downloading from p2: https://download.eclipse.org/tm4e/releases/0.17.2/p2.index
[INFO] Downloaded from p2: https://download.eclipse.org/tm4e/releases/0.17.2/p2.index (172 bytes at 167 KB/s)
[INFO] Downloading from p2: https://download.eclipse.org/lsp4e/releases/0.30.0/p2.index
[INFO] Downloaded from p2: https://download.eclipse.org/lsp4e/releases/0.30.0/p2.index (172 bytes at 167 KB/s)
[INFO] Downloading from p2: https://download.eclipse.org/eclipse/updates/4.38/R-4.38-202512010920/p2.index
[INFO] Downloaded from p2: https://download.eclipse.org/eclipse/updates/4.38/R-4.38-202512010920/p2.index (172 bytes at 167 KB/s)
[INFO] Downloading from p2: http://dl.bintray.com/testng-team/testng-p2-release/p2.index
[INFO] Downloaded from p2: http://dl.bintray.com/testng-team/testng-p2-release/p2.index (164 bytes at 160 KB/s)
[WARNING] Skip referenced repository: http://dl.bintray.com/testng-team/testng-p2-release/: org.eclipse.equinox.p2.core.ProvisionException: Unable to read repository at http://dl.bintray.com/testng-team/testng-p2-release.
[INFO] Downloading from p2: http://testng.org/testng-p2-update-site/p2.index
[INFO] Downloading from p2: http://testng.org/testng-p2-update-site/6.11.0/p2.index
[INFO] Downloading from p2: http://testng.org/testng-p2-update-site/updatesites/6.11.0.r201704240320/p2.index
[INFO] Downloading from p2: http://testng.org/testng-p2-update-site/6.12.0/p2.index
[INFO] Downloading from p2: http://testng.org/testng-p2-update-site/updatesites/6.12.0.r201709030044/p2.index
[INFO] Downloading from p2: http://testng.org/testng-p2-update-site/6.13.1/p2.index
[INFO] Downloading from p2: http://testng.org/testng-p2-update-site/updatesites/6.13.1.r201712040202/p2.index
[INFO] Downloading from p2: http://testng.org/testng-p2-update-site/updatesites/6.13.1.r201712040515/p2.index
[INFO] Downloading from p2: http://testng.org/testng-p2-update-site/6.14.2/p2.index
[INFO] Downloading from p2: http://testng.org/testng-p2-update-site/updatesites/6.14.2.r201802161450/p2.index
[INFO] Downloading from p2: http://testng.org/testng-p2-update-site/6.14.3/p2.index
[INFO] Downloading from p2: http://testng.org/testng-p2-update-site/updatesites/6.14.3.r201802240500/p2.index
[INFO] Downloading from p2: http://testng.org/testng-p2-update-site/7.0.0/p2.index
[INFO] Downloading from p2: http://testng.org/testng-p2-update-site/updatesites/7.0.0.r201908191551/p2.index
[INFO] Downloading from p2: http://testng.org/testng-p2-update-site/7.1.0/p2.index
[INFO] Downloading from p2: http://testng.org/testng-p2-update-site/updatesites/7.1.0.r202001120626/p2.index
[INFO] Downloading from p2: http://testng.org/testng-p2-update-site/7.2.0/p2.index
[INFO] Downloading from p2: http://testng.org/testng-p2-update-site/updatesites/7.2.0.r202003151902/p2.index
[INFO] Downloading from p2: http://testng.org/testng-p2-update-site/7.3.0/p2.index
[INFO] Downloading from p2: http://testng.org/testng-p2-update-site/updatesites/7.3.0.r202008060316/p2.index
[INFO] Downloading from p2: http://testng.org/testng-p2-update-site/7.4.0/p2.index
[INFO] Downloading from p2: http://testng.org/testng-p2-update-site/updatesites/7.4.0.r202105021533/p2.index
[INFO] Downloading from p2: http://testng.org/testng-p2-update-site/7.5.0/p2.index
[INFO] Downloading from p2: http://testng.org/testng-p2-update-site/updatesites/7.5.0.r202201070709/p2.index
[INFO] Downloading from p2: http://testng.org/testng-p2-update-site/7.6.1/p2.index
[INFO] Downloading from p2: http://testng.org/testng-p2-update-site/updatesites/7.6.1.r202207070546/p2.index
[INFO] Downloading from p2: http://testng.org/testng-p2-update-site/7.7.0/p2.index
[INFO] Downloading from p2: http://testng.org/testng-p2-update-site/updatesites/7.7.0.r202306070455/p2.index
[INFO] Downloading from p2: http://testng.org/testng-p2-update-site/7.7.1/p2.index
[INFO] Downloading from p2: http://testng.org/testng-p2-update-site/updatesites/7.7.1.r202305281608/p2.index
[INFO] Downloading from p2: http://testng.org/testng-p2-update-site/7.8.0/p2.index
[INFO] Downloading from p2: http://testng.org/testng-p2-update-site/updatesites/7.8.0.r202306071539/p2.index
[INFO] Downloading from p2: http://testng.org/testng-p2-update-site/7.9.0/p2.index
[INFO] Downloading from p2: http://testng.org/testng-p2-update-site/updatesites/7.9.0.r202312310341/p2.index
[INFO] Downloading from p2: http://testng.org/testng-p2-update-site/7.10.1/p2.index
[INFO] Downloading from p2: http://testng.org/testng-p2-update-site/updatesites/7.10.1.r202404130807/p2.index
[INFO] Downloading from p2: http://testng.org/testng-p2-update-site/7.10.2/p2.index
[INFO] Downloading from p2: http://testng.org/testng-p2-update-site/updatesites/7.10.2.r202404291553/p2.index
[INFO] Downloading from p2: http://testng.org/testng-p2-update-site/7.11.0/p2.index
[INFO] Downloading from p2: http://testng.org/testng-p2-update-site/updatesites/7.11.0.r202503091654/p2.index
[INFO] Downloading from p2: https://download.eclipse.org/technology/swtbot/releases/latest/p2.index
[INFO] Downloaded from p2: https://download.eclipse.org/technology/swtbot/releases/latest/p2.index (172 bytes at 167 KB/s)
[INFO] Downloading from p2: https://download.eclipse.org/tools/orbit/downloads/drops/R20230531010532/repository/p2.index
[INFO] Downloaded from p2: https://download.eclipse.org/tools/orbit/downloads/drops/R20230531010532/repository/p2.index (172 bytes at 167 KB/s)
[INFO] Downloading from p2: https://download.eclipse.org/oomph/simrel-orbit/release/latest/p2.index
[INFO] Downloaded from p2: https://download.eclipse.org/oomph/simrel-orbit/release/latest/p2.index (126 bytes at 123 KB/s)
[INFO] Downloading from p2: https://download.eclipse.org/oomph/simrel-orbit/release/4.28.0/p2.index
[INFO] Downloaded from p2: https://download.eclipse.org/oomph/simrel-orbit/release/4.28.0/p2.index (172 bytes at 167 KB/s)
[WARNING] Problems resolving provisioning plan.:
   Unable to satisfy dependency from org.eclipse.jetty.plus 10.0.6 to java.package; org.eclipse.jetty.servlet [10.0.6,11.0.0).
   Unable to satisfy dependency from org.eclipse.jetty.webapp 10.0.6 to java.package; org.eclipse.jetty.servlet [10.0.6,11.0.0).
   Unable to satisfy dependency from org.eclipse.wst.server.preview 1.2.0.v202105161646 to osgi.bundle; org.eclipse.jetty.servlet [10.0.1,11.0.0).
[INFO] Downloading from p2: https://download.eclipse.org/eclipse/updates/latest/p2.index
[INFO] Downloaded from p2: https://download.eclipse.org/eclipse/updates/latest/p2.index (158 bytes at 154 KB/s)
[INFO] Downloading from p2: https://download.eclipse.org/eclipse/updates/4.39/p2.index
[INFO] Downloaded from p2: https://download.eclipse.org/eclipse/updates/4.39/p2.index (158 bytes at 154 KB/s)
[INFO] Downloading from p2: https://download.eclipse.org/eclipse/updates/4.39/R-4.39-202602260420/p2.index
[INFO] Downloaded from p2: https://download.eclipse.org/eclipse/updates/4.39/R-4.39-202602260420/p2.index (172 bytes at 167 KB/s)
[INFO] Downloading from p2: https://download.eclipse.org/technology/m2e/releases/latest/p2.index
[INFO] Downloaded from p2: https://download.eclipse.org/technology/m2e/releases/latest/p2.index (172 bytes at 167 KB/s)
[INFO] Downloading from p2: https://testng.org/testng-p2-update-site/p2.index
[INFO] Downloading from p2: https://testng.org/testng-p2-update-site/6.11.0/p2.index
[INFO] Downloading from p2: https://testng.org/testng-p2-update-site/updatesites/6.11.0.r201704240320/p2.index
[INFO] Downloading from p2: https://testng.org/testng-p2-update-site/6.12.0/p2.index
[INFO] Downloading from p2: https://testng.org/testng-p2-update-site/updatesites/6.12.0.r201709030044/p2.index
[INFO] Downloading from p2: https://testng.org/testng-p2-update-site/6.13.1/p2.index
[INFO] Downloading from p2: https://testng.org/testng-p2-update-site/updatesites/6.13.1.r201712040202/p2.index
[INFO] Downloading from p2: https://testng.org/testng-p2-update-site/updatesites/6.13.1.r201712040515/p2.index
[INFO] Downloading from p2: https://testng.org/testng-p2-update-site/6.14.2/p2.index
[INFO] Downloading from p2: https://testng.org/testng-p2-update-site/updatesites/6.14.2.r201802161450/p2.index
[INFO] Downloading from p2: https://testng.org/testng-p2-update-site/6.14.3/p2.index
[INFO] Downloading from p2: https://testng.org/testng-p2-update-site/updatesites/6.14.3.r201802240500/p2.index
[INFO] Downloading from p2: https://testng.org/testng-p2-update-site/7.0.0/p2.index
[INFO] Downloading from p2: https://testng.org/testng-p2-update-site/updatesites/7.0.0.r201908191551/p2.index
[INFO] Downloading from p2: https://testng.org/testng-p2-update-site/7.1.0/p2.index
[INFO] Downloading from p2: https://testng.org/testng-p2-update-site/updatesites/7.1.0.r202001120626/p2.index
[INFO] Downloading from p2: https://testng.org/testng-p2-update-site/7.2.0/p2.index
[INFO] Downloading from p2: https://testng.org/testng-p2-update-site/updatesites/7.2.0.r202003151902/p2.index
[INFO] Downloading from p2: https://testng.org/testng-p2-update-site/7.3.0/p2.index
[INFO] Downloading from p2: https://testng.org/testng-p2-update-site/updatesites/7.3.0.r202008060316/p2.index
[INFO] Downloading from p2: https://testng.org/testng-p2-update-site/7.4.0/p2.index
[INFO] Downloading from p2: https://testng.org/testng-p2-update-site/updatesites/7.4.0.r202105021533/p2.index
[INFO] Downloading from p2: https://testng.org/testng-p2-update-site/7.5.0/p2.index
[INFO] Downloading from p2: https://testng.org/testng-p2-update-site/updatesites/7.5.0.r202201070709/p2.index
[INFO] Downloading from p2: https://testng.org/testng-p2-update-site/7.6.1/p2.index
[INFO] Downloading from p2: https://testng.org/testng-p2-update-site/updatesites/7.6.1.r202207070546/p2.index
[INFO] Downloading from p2: https://testng.org/testng-p2-update-site/7.7.0/p2.index
[INFO] Downloading from p2: https://testng.org/testng-p2-update-site/updatesites/7.7.0.r202306070455/p2.index
[INFO] Downloading from p2: https://testng.org/testng-p2-update-site/7.7.1/p2.index
[INFO] Downloading from p2: https://testng.org/testng-p2-update-site/updatesites/7.7.1.r202305281608/p2.index
[INFO] Downloading from p2: https://testng.org/testng-p2-update-site/7.8.0/p2.index
[INFO] Downloading from p2: https://testng.org/testng-p2-update-site/updatesites/7.8.0.r202306071539/p2.index
[INFO] Downloading from p2: https://testng.org/testng-p2-update-site/7.9.0/p2.index
[INFO] Downloading from p2: https://testng.org/testng-p2-update-site/updatesites/7.9.0.r202312310341/p2.index
[INFO] Downloading from p2: https://testng.org/testng-p2-update-site/7.10.1/p2.index
[INFO] Downloading from p2: https://testng.org/testng-p2-update-site/updatesites/7.10.1.r202404130807/p2.index
[INFO] Downloading from p2: https://testng.org/testng-p2-update-site/7.10.2/p2.index
[INFO] Downloading from p2: https://testng.org/testng-p2-update-site/updatesites/7.10.2.r202404291553/p2.index
[INFO] Downloading from p2: https://testng.org/testng-p2-update-site/7.11.0/p2.index
[INFO] Downloading from p2: https://testng.org/testng-p2-update-site/updatesites/7.11.0.r202503091654/p2.index
[INFO] Downloading from p2: https://download.eclipse.org/wildwebdeveloper/releases/1.4.0/p2.index
[INFO] Downloaded from p2: https://download.eclipse.org/wildwebdeveloper/releases/1.4.0/p2.index (172 bytes at 167 KB/s)
[INFO] Downloading from p2: https://download.eclipse.org/webtools/downloads/drops/R3.40.0/R-3.40.0-20251124015847/repository/p2.index
[INFO] Downloaded from p2: https://download.eclipse.org/webtools/downloads/drops/R3.40.0/R-3.40.0-20251124015847/repository/p2.index (172 bytes at 167 KB/s)
[INFO] Downloading from p2: https://download.eclipse.org/tools/orbit/simrel/orbit-aggregation/release/4.36.0/p2.index
[INFO] Downloaded from p2: https://download.eclipse.org/tools/orbit/simrel/orbit-aggregation/release/4.36.0/p2.index (172 bytes at 167 KB/s)
[INFO] Downloading from p2: https://download.eclipse.org/modeling/emf/emf/builds/release/2.45.0/p2.index
[INFO] Downloaded from p2: https://download.eclipse.org/modeling/emf/emf/builds/release/2.45.0/p2.index (172 bytes at 167 KB/s)
[INFO] Downloading from p2: https://download.eclipse.org/egit/updates-7.6/p2.index
[INFO] Downloaded from p2: https://download.eclipse.org/egit/updates-7.6/p2.index (172 bytes at 83 KB/s)
[INFO] Downloading from p2: https://download.eclipse.org/tm4e/releases/0.17.2/p2.index
[INFO] Downloaded from p2: https://download.eclipse.org/tm4e/releases/0.17.2/p2.index (172 bytes at 167 KB/s)
[INFO] Downloading from p2: https://download.eclipse.org/eclipse/updates/4.38/R-4.38-202512010920/p2.index
[INFO] Downloaded from p2: https://download.eclipse.org/eclipse/updates/4.38/R-4.38-202512010920/p2.index (172 bytes at 167 KB/s)
[INFO] Downloading from p2: https://download.eclipse.org/lsp4e/releases/0.30.0/p2.index
[INFO] Downloaded from p2: https://download.eclipse.org/lsp4e/releases/0.30.0/p2.index (172 bytes at 167 KB/s)
[INFO] Downloading from p2: http://testng.org/testng-p2-update-site/p2.index
[INFO] Downloading from p2: http://testng.org/testng-p2-update-site/6.11.0/p2.index
[INFO] Downloading from p2: http://testng.org/testng-p2-update-site/updatesites/6.11.0.r201704240320/p2.index
[INFO] Downloading from p2: http://testng.org/testng-p2-update-site/6.12.0/p2.index
[INFO] Downloading from p2: http://testng.org/testng-p2-update-site/updatesites/6.12.0.r201709030044/p2.index
[INFO] Downloading from p2: http://testng.org/testng-p2-update-site/6.13.1/p2.index
[INFO] Downloading from p2: http://testng.org/testng-p2-update-site/updatesites/6.13.1.r201712040202/p2.index
[INFO] Downloading from p2: http://testng.org/testng-p2-update-site/updatesites/6.13.1.r201712040515/p2.index
[INFO] Downloading from p2: http://testng.org/testng-p2-update-site/6.14.2/p2.index
[INFO] Downloading from p2: http://testng.org/testng-p2-update-site/updatesites/6.14.2.r201802161450/p2.index
[INFO] Downloading from p2: http://testng.org/testng-p2-update-site/6.14.3/p2.index
[INFO] Downloading from p2: http://testng.org/testng-p2-update-site/updatesites/6.14.3.r201802240500/p2.index
[INFO] Downloading from p2: http://testng.org/testng-p2-update-site/7.0.0/p2.index
[INFO] Downloading from p2: http://testng.org/testng-p2-update-site/updatesites/7.0.0.r201908191551/p2.index
[INFO] Downloading from p2: http://testng.org/testng-p2-update-site/7.1.0/p2.index
[INFO] Downloading from p2: http://testng.org/testng-p2-update-site/updatesites/7.1.0.r202001120626/p2.index
[INFO] Downloading from p2: http://testng.org/testng-p2-update-site/7.2.0/p2.index
[INFO] Downloading from p2: http://testng.org/testng-p2-update-site/updatesites/7.2.0.r202003151902/p2.index
[INFO] Downloading from p2: http://testng.org/testng-p2-update-site/7.3.0/p2.index
[INFO] Downloading from p2: http://testng.org/testng-p2-update-site/updatesites/7.3.0.r202008060316/p2.index
[INFO] Downloading from p2: http://testng.org/testng-p2-update-site/7.4.0/p2.index
[INFO] Downloading from p2: http://testng.org/testng-p2-update-site/updatesites/7.4.0.r202105021533/p2.index
[INFO] Downloading from p2: http://testng.org/testng-p2-update-site/7.5.0/p2.index
[INFO] Downloading from p2: http://testng.org/testng-p2-update-site/updatesites/7.5.0.r202201070709/p2.index
[INFO] Downloading from p2: http://testng.org/testng-p2-update-site/7.6.1/p2.index
[INFO] Downloading from p2: http://testng.org/testng-p2-update-site/updatesites/7.6.1.r202207070546/p2.index
[INFO] Downloading from p2: http://testng.org/testng-p2-update-site/7.7.0/p2.index
[INFO] Downloading from p2: http://testng.org/testng-p2-update-site/updatesites/7.7.0.r202306070455/p2.index
[INFO] Downloading from p2: http://testng.org/testng-p2-update-site/7.7.1/p2.index
[INFO] Downloading from p2: http://testng.org/testng-p2-update-site/updatesites/7.7.1.r202305281608/p2.index
[INFO] Downloading from p2: http://testng.org/testng-p2-update-site/7.8.0/p2.index
[INFO] Downloading from p2: http://testng.org/testng-p2-update-site/updatesites/7.8.0.r202306071539/p2.index
[INFO] Downloading from p2: http://testng.org/testng-p2-update-site/7.9.0/p2.index
[INFO] Downloading from p2: http://testng.org/testng-p2-update-site/updatesites/7.9.0.r202312310341/p2.index
[INFO] Downloading from p2: http://testng.org/testng-p2-update-site/7.10.1/p2.index
[INFO] Downloading from p2: http://testng.org/testng-p2-update-site/updatesites/7.10.1.r202404130807/p2.index
[INFO] Downloading from p2: http://testng.org/testng-p2-update-site/7.10.2/p2.index
[INFO] Downloading from p2: http://testng.org/testng-p2-update-site/updatesites/7.10.2.r202404291553/p2.index
[INFO] Downloading from p2: http://testng.org/testng-p2-update-site/7.11.0/p2.index
[INFO] Downloading from p2: http://testng.org/testng-p2-update-site/updatesites/7.11.0.r202503091654/p2.index
[INFO] Downloading from p2: http://download.eclipse.org/technology/m2e/releases/p2.index
[INFO] Downloading from p2: http://download.eclipse.org/technology/m2e/releases/site.xml
[INFO] Downloading from p2: https://testng.org/testng-eclipse-update-site/p2.index
[INFO] Downloading from p2: https://testng.org/testng-eclipse-update-site/6.9.13/p2.index
[INFO] Downloading from p2: https://testng.org/testng-eclipse-update-site/updatesites/6.9.13.201609291640/p2.index
[INFO] Downloading from p2: https://testng.org/testng-eclipse-update-site/6.9.12/p2.index
[INFO] Downloading from p2: https://testng.org/testng-eclipse-update-site/updatesites/6.9.12.201607091356/p2.index
[INFO] Downloading from p2: https://testng.org/testng-eclipse-update-site/6.9.11/p2.index
[INFO] Downloading from p2: https://testng.org/testng-eclipse-update-site/updatesites/6.9.11.201604020423/p2.index
[INFO] Downloading from p2: https://testng.org/testng-eclipse-update-site/6.9.10/p2.index
[INFO] Downloading from p2: https://testng.org/testng-eclipse-update-site/updatesites/6.9.10.201512240000/p2.index
[INFO] Downloading from p2: https://testng.org/testng-eclipse-update-site/6.9.5/p2.index
[INFO] Downloading from p2: https://testng.org/testng-eclipse-update-site/updatesites/6.9.5.201505251947/p2.index
[INFO] Downloading from p2: https://testng.org/testng-eclipse-update-site/6.10.0/p2.index
[INFO] Downloading from p2: https://testng.org/testng-eclipse-update-site/updatesites/6.10.0.201612030230/p2.index
[INFO] Downloading from p2: https://testng.org/testng-eclipse-update-site/6.11.0/p2.index
[INFO] Downloading from p2: https://testng.org/testng-eclipse-update-site/updatesites/6.11.0.201703011520/p2.index
[INFO] Downloading from p2: https://testng.org/testng-eclipse-update-site/6.12.0/p2.index
[INFO] Downloading from p2: https://testng.org/testng-eclipse-update-site/updatesites/6.12.0.201709030110/p2.index
[INFO] Downloaded from p2: https://testng.org/testng-eclipse-update-site/updatesites/6.12.0.201709030110/p2.index (172 bytes at 167 KB/s)
[INFO] Downloading from p2: https://testng.org/testng-eclipse-update-site/updatesites/6.12.0.201709050550/p2.index
[INFO] Downloaded from p2: https://testng.org/testng-eclipse-update-site/updatesites/6.12.0.201709050550/p2.index (172 bytes at 83 KB/s)
[INFO] Downloading from p2: https://testng.org/testng-eclipse-update-site/6.13.0/p2.index
[INFO] Downloading from p2: https://testng.org/testng-eclipse-update-site/updatesites/6.13.0.201712040650/p2.index
[INFO] Downloaded from p2: https://testng.org/testng-eclipse-update-site/updatesites/6.13.0.201712040650/p2.index (172 bytes at 167 KB/s)
[INFO] Downloading from p2: https://testng.org/testng-eclipse-update-site/6.14.0/p2.index
[INFO] Downloading from p2: https://testng.org/testng-eclipse-update-site/updatesites/6.14.0.201802161500/p2.index
[INFO] Downloaded from p2: https://testng.org/testng-eclipse-update-site/updatesites/6.14.0.201802161500/p2.index (172 bytes at 167 KB/s)
[INFO] Downloading from p2: https://testng.org/testng-eclipse-update-site/6.14.3/p2.index
[INFO] Downloading from p2: https://testng.org/testng-eclipse-update-site/updatesites/6.14.3.201902250526/p2.index
[INFO] Downloaded from p2: https://testng.org/testng-eclipse-update-site/updatesites/6.14.3.201902250526/p2.index (172 bytes at 167 KB/s)
[INFO] Downloading from p2: https://testng.org/testng-eclipse-update-site/7.0.0/p2.index
[INFO] Downloaded from p2: https://testng.org/testng-eclipse-update-site/7.0.0/p2.index (128 bytes at 125 KB/s)
[INFO] Downloading from p2: https://testng.org/testng-eclipse-update-site/updatesites/7.0.0.201908201535/p2.index
[INFO] Downloaded from p2: https://testng.org/testng-eclipse-update-site/updatesites/7.0.0.201908201535/p2.index (172 bytes at 167 KB/s)
[INFO] Downloading from p2: https://testng.org/testng-eclipse-update-site/updatesites/7.0.0.201908240652/p2.index
[INFO] Downloaded from p2: https://testng.org/testng-eclipse-update-site/updatesites/7.0.0.201908240652/p2.index (172 bytes at 83 KB/s)
[INFO] Downloading from p2: https://testng.org/testng-eclipse-update-site/7.1.0/p2.index
[INFO] Downloaded from p2: https://testng.org/testng-eclipse-update-site/7.1.0/p2.index (128 bytes at 125 KB/s)
[INFO] Downloading from p2: https://testng.org/testng-eclipse-update-site/updatesites/7.1.0.202003090500/p2.index
[INFO] Downloaded from p2: https://testng.org/testng-eclipse-update-site/updatesites/7.1.0.202003090500/p2.index (172 bytes at 167 KB/s)
[INFO] Downloading from p2: https://testng.org/testng-eclipse-update-site/7.1.1/p2.index
[INFO] Downloaded from p2: https://testng.org/testng-eclipse-update-site/7.1.1/p2.index (128 bytes at 125 KB/s)
[INFO] Downloading from p2: https://testng.org/testng-eclipse-update-site/updatesites/7.1.1.202003100345/p2.index
[INFO] Downloaded from p2: https://testng.org/testng-eclipse-update-site/updatesites/7.1.1.202003100345/p2.index (172 bytes at 167 KB/s)
[INFO] Downloading from p2: https://testng.org/testng-eclipse-update-site/7.2.0/p2.index
[INFO] Downloaded from p2: https://testng.org/testng-eclipse-update-site/7.2.0/p2.index (128 bytes at 125 KB/s)
[INFO] Downloading from p2: https://testng.org/testng-eclipse-update-site/updatesites/7.2.0.202004281604/p2.index
[INFO] Downloaded from p2: https://testng.org/testng-eclipse-update-site/updatesites/7.2.0.202004281604/p2.index (172 bytes at 167 KB/s)
[INFO] Downloading from p2: https://testng.org/testng-eclipse-update-site/updatesites/7.2.0.202005051752/p2.index
[INFO] Downloaded from p2: https://testng.org/testng-eclipse-update-site/updatesites/7.2.0.202005051752/p2.index (172 bytes at 167 KB/s)
[INFO] Downloading from p2: https://testng.org/testng-eclipse-update-site/7.3.0/p2.index
[INFO] Downloaded from p2: https://testng.org/testng-eclipse-update-site/7.3.0/p2.index (128 bytes at 62 KB/s)
[INFO] Downloading from p2: https://testng.org/testng-eclipse-update-site/updatesites/7.3.0.202008060412/p2.index
[INFO] Downloaded from p2: https://testng.org/testng-eclipse-update-site/updatesites/7.3.0.202008060412/p2.index (172 bytes at 167 KB/s)
[INFO] Downloading from p2: https://testng.org/testng-eclipse-update-site/7.4.0/p2.index
[INFO] Downloaded from p2: https://testng.org/testng-eclipse-update-site/7.4.0/p2.index (128 bytes at 125 KB/s)
[INFO] Downloading from p2: https://testng.org/testng-eclipse-update-site/updatesites/7.4.0.202105021622/p2.index
[INFO] Downloaded from p2: https://testng.org/testng-eclipse-update-site/updatesites/7.4.0.202105021622/p2.index (172 bytes at 167 KB/s)
[INFO] Downloading from p2: https://testng.org/testng-eclipse-update-site/updatesites/7.4.0.202106051955/p2.index
[INFO] Downloaded from p2: https://testng.org/testng-eclipse-update-site/updatesites/7.4.0.202106051955/p2.index (172 bytes at 167 KB/s)
[INFO] Downloading from p2: https://testng.org/testng-eclipse-update-site/7.8.0/p2.index
[INFO] Downloading from p2: https://testng.org/testng-eclipse-update-site/updatesites/7.8.0.202308061717/p2.index
[INFO] Downloaded from p2: https://testng.org/testng-eclipse-update-site/updatesites/7.8.0.202308061717/p2.index (172 bytes at 167 KB/s)
[INFO] Downloading from p2: https://testng.org/testng-eclipse-update-site/updatesites/7.8.0.202306071550/p2.index
[INFO] Downloaded from p2: https://testng.org/testng-eclipse-update-site/updatesites/7.8.0.202306071550/p2.index (172 bytes at 167 KB/s)
[INFO] Downloading from p2: https://testng.org/testng-eclipse-update-site/7.9.0/p2.index
[INFO] Downloading from p2: https://testng.org/testng-eclipse-update-site/updatesites/7.9.0.202312310355/p2.index
[INFO] Downloaded from p2: https://testng.org/testng-eclipse-update-site/updatesites/7.9.0.202312310355/p2.index (172 bytes at 167 KB/s)
[INFO] Downloading from p2: https://testng.org/testng-eclipse-update-site/7.10.0/p2.index
[INFO] Downloading from p2: https://testng.org/testng-eclipse-update-site/updatesites/7.10.0.202404131040/p2.index
[INFO] Downloaded from p2: https://testng.org/testng-eclipse-update-site/updatesites/7.10.0.202404131040/p2.index (172 bytes at 167 KB/s)
[INFO] Downloading from p2: https://testng.org/testng-eclipse-update-site/7.10.2/p2.index
[INFO] Downloading from p2: https://testng.org/testng-eclipse-update-site/updatesites/7.10.2.202503082113/p2.index
[INFO] Downloaded from p2: https://testng.org/testng-eclipse-update-site/updatesites/7.10.2.202503082113/p2.index (172 bytes at 167 KB/s)
[INFO] Downloading from p2: https://testng.org/testng-eclipse-update-site/7.11.0/p2.index
[INFO] Downloading from p2: https://testng.org/testng-eclipse-update-site/updatesites/7.11.0.202503091801/p2.index
[INFO] Downloaded from p2: https://testng.org/testng-eclipse-update-site/updatesites/7.11.0.202503091801/p2.index (172 bytes at 167 KB/s)
[INFO] Downloading from p2: https://download.eclipse.org/technology/swtbot/releases/latest/p2.index
[INFO] Downloaded from p2: https://download.eclipse.org/technology/swtbot/releases/latest/p2.index (172 bytes at 167 KB/s)
[INFO] Downloading from p2: https://download.eclipse.org/tools/orbit/downloads/drops/R20230531010532/repository/p2.index
[INFO] Downloaded from p2: https://download.eclipse.org/tools/orbit/downloads/drops/R20230531010532/repository/p2.index (172 bytes at 83 KB/s)
[INFO] Downloading from p2: https://download.eclipse.org/oomph/simrel-orbit/release/latest/p2.index
[INFO] Downloaded from p2: https://download.eclipse.org/oomph/simrel-orbit/release/latest/p2.index (126 bytes at 123 KB/s)
[INFO] Downloading from p2: https://download.eclipse.org/oomph/simrel-orbit/release/4.28.0/p2.index
[INFO] Downloaded from p2: https://download.eclipse.org/oomph/simrel-orbit/release/4.28.0/p2.index (172 bytes at 167 KB/s)
[WARNING] The following locally built units have been used to resolve project dependencies:
[WARNING]   org.moreunit.core.source/4.0.2.202605200034
[WARNING]   org.moreunit/4.0.2.202605200034
[WARNING]   org.moreunit.test.dependencies.source/4.0.2.202605200034
[WARNING]   org.moreunit.test.dependencies/4.0.2.202605200034
[WARNING]   org.moreunit.core/4.0.2.202605200034
[WARNING]   org.moreunit.source/4.0.2.202605200034
[WARNING] Bundle-ClassPath entry mockito-all-1.9.0.jar does not exist in /home/jules/.m2/repository/org/moreunit/plugins/org.moreunit.test.dependencies/4.0.2-SNAPSHOT/org.moreunit.test.dependencies-4.0.2-SNAPSHOT.jar
[INFO]
[INFO] --- clean:3.2.0:clean (default-clean) @ org.moreunit.core.test ---
[INFO] Deleting /app/org.moreunit.core.test/target
[INFO]
[INFO] --- tycho-packaging:5.0.2:build-qualifier (default-build-qualifier) @ org.moreunit.core.test ---
[INFO] The project's OSGi version is 4.0.2.202605200057
[INFO]
[INFO] --- tycho-packaging:5.0.2:validate-id (default-validate-id) @ org.moreunit.core.test ---
[INFO]
[INFO] --- tycho-packaging:5.0.2:validate-version (default-validate-version) @ org.moreunit.core.test ---
[INFO]
[INFO] --- target-platform-configuration:5.0.2:target-platform (default-target-platform) @ org.moreunit.core.test ---
[INFO]
[INFO] --- tycho-compiler:5.0.2:validate-classpath (default-validate-classpath) @ org.moreunit.core.test ---
[INFO] Resolving class path of org.moreunit.core.test
[WARNING] Bundle-ClassPath entry mockito-all-1.9.0.jar does not exist in /home/jules/.m2/repository/org/moreunit/plugins/org.moreunit.test.dependencies/4.0.2-SNAPSHOT/org.moreunit.test.dependencies-4.0.2-SNAPSHOT.jar
[INFO]
[INFO] --- antrun:3.2.0:run (avoid-equinox-exception) @ org.moreunit.core.test ---
[INFO] Executing tasks
[INFO] Executed tasks
[INFO]
[INFO] --- resources:3.3.1:resources (default-resources) @ org.moreunit.core.test ---
[INFO] skip non existing resourceDirectory /app/org.moreunit.core.test/src/main/resources
[INFO]
[INFO] --- tycho-compiler:5.0.2:compile (default-compile) @ org.moreunit.core.test ---
[INFO] Compiling 49 source files to /app/org.moreunit.core.test/target/classes using Eclipse Compiler for Java(TM) 3.44.0.v20251118-1623
[INFO]
[INFO] --- tycho-ds:5.0.2:declarative-services (default-declarative-services) @ org.moreunit.core.test ---
[INFO]
[INFO] --- resources:3.3.1:testResources (default-testResources) @ org.moreunit.core.test ---
[INFO] skip non existing resourceDirectory /app/org.moreunit.core.test/src/test/resources
[INFO]
[INFO] ---------------< org.moreunit.plugins:org.moreunit.test >---------------
[INFO] Building org.moreunit.test 4.0.2-SNAPSHOT                          [3/4]
[INFO]   from /app/org.moreunit.test/pom.xml
[INFO] ------------------------[ eclipse-test-plugin ]-------------------------
[WARNING] The following locally built units have been used to resolve project dependencies:
[WARNING]   org.moreunit.core.source/4.0.2.202605200034
[WARNING]   org.moreunit/4.0.2.202605200034
[WARNING]   org.moreunit.test.dependencies.source/4.0.2.202605200034
[WARNING]   org.moreunit.test.dependencies/4.0.2.202605200034
[WARNING]   org.moreunit.core/4.0.2.202605200034
[WARNING]   org.moreunit.source/4.0.2.202605200034
[WARNING] Bundle-ClassPath entry mockito-all-1.9.0.jar does not exist in /home/jules/.m2/repository/org/moreunit/plugins/org.moreunit.test.dependencies/4.0.2-SNAPSHOT/org.moreunit.test.dependencies-4.0.2-SNAPSHOT.jar
[INFO]
[INFO] --- clean:3.2.0:clean (default-clean) @ org.moreunit.test ---
[INFO] Deleting /app/org.moreunit.test/target
[INFO]
[INFO] --- tycho-packaging:5.0.2:build-qualifier (default-build-qualifier) @ org.moreunit.test ---
[INFO] The project's OSGi version is 4.0.2.202605200057
[INFO]
[INFO] --- tycho-packaging:5.0.2:validate-id (default-validate-id) @ org.moreunit.test ---
[INFO]
[INFO] --- tycho-packaging:5.0.2:validate-version (default-validate-version) @ org.moreunit.test ---
[INFO]
[INFO] --- target-platform-configuration:5.0.2:target-platform (default-target-platform) @ org.moreunit.test ---
[INFO]
[INFO] --- tycho-compiler:5.0.2:validate-classpath (default-validate-classpath) @ org.moreunit.test ---
[INFO] Resolving class path of org.moreunit.test
[WARNING] Bundle-ClassPath entry mockito-all-1.9.0.jar does not exist in /home/jules/.m2/repository/org/moreunit/plugins/org.moreunit.test.dependencies/4.0.2-SNAPSHOT/org.moreunit.test.dependencies-4.0.2-SNAPSHOT.jar
[INFO]
[INFO] --- antrun:3.2.0:run (avoid-equinox-exception) @ org.moreunit.test ---
[INFO] Executing tasks
[INFO] Executed tasks
[INFO]
[INFO] --- resources:3.3.1:resources (default-resources) @ org.moreunit.test ---
[INFO] skip non existing resourceDirectory /app/org.moreunit.test/src/main/resources
[INFO]
[INFO] --- tycho-compiler:5.0.2:compile (default-compile) @ org.moreunit.test ---
[INFO] Compiling 36 source files to /app/org.moreunit.test/target/classes using Eclipse Compiler for Java(TM) 3.44.0.v20251118-1623
[INFO]
[INFO] --- tycho-ds:5.0.2:declarative-services (default-declarative-services) @ org.moreunit.test ---
[INFO]
[INFO] --- resources:3.3.1:testResources (default-testResources) @ org.moreunit.test ---
[INFO] skip non existing resourceDirectory /app/org.moreunit.test/src/test/resources
[INFO]
[INFO] ------------< org.moreunit.plugins:org.moreunit.mock.test >-------------
[INFO] Building org.moreunit.mock.test 4.0.2-SNAPSHOT                     [4/4]
[INFO]   from /app/org.moreunit.mock.test/pom.xml
[INFO] ------------------------[ eclipse-test-plugin ]-------------------------
[WARNING] The following locally built units have been used to resolve project dependencies:
[WARNING]   org.moreunit.core.source/4.0.2.202605200034
[WARNING]   org.moreunit.mock.source/4.0.2.202605200034
[WARNING]   org.moreunit/4.0.2.202605200034
[WARNING]   org.moreunit.test.dependencies.source/4.0.2.202605200034
[WARNING]   org.moreunit.test.dependencies/4.0.2.202605200034
[WARNING]   org.moreunit.core/4.0.2.202605200034
[WARNING]   org.moreunit.source/4.0.2.202605200034
[WARNING]   org.moreunit.mock/4.0.2.202605200034
[WARNING] Bundle-ClassPath entry mockito-all-1.9.0.jar does not exist in /home/jules/.m2/repository/org/moreunit/plugins/org.moreunit.test.dependencies/4.0.2-SNAPSHOT/org.moreunit.test.dependencies-4.0.2-SNAPSHOT.jar
[INFO]
[INFO] --- clean:3.2.0:clean (default-clean) @ org.moreunit.mock.test ---
[INFO] Deleting /app/org.moreunit.mock.test/target
[INFO]
[INFO] --- tycho-packaging:5.0.2:build-qualifier (default-build-qualifier) @ org.moreunit.mock.test ---
[INFO] The project's OSGi version is 4.0.2.202605200057
[INFO]
[INFO] --- tycho-packaging:5.0.2:validate-id (default-validate-id) @ org.moreunit.mock.test ---
[INFO]
[INFO] --- tycho-packaging:5.0.2:validate-version (default-validate-version) @ org.moreunit.mock.test ---
[INFO]
[INFO] --- target-platform-configuration:5.0.2:target-platform (default-target-platform) @ org.moreunit.mock.test ---
[INFO]
[INFO] --- tycho-compiler:5.0.2:validate-classpath (default-validate-classpath) @ org.moreunit.mock.test ---
[INFO] Resolving class path of org.moreunit.mock.test
[WARNING] Bundle-ClassPath entry mockito-all-1.9.0.jar does not exist in /home/jules/.m2/repository/org/moreunit/plugins/org.moreunit.test.dependencies/4.0.2-SNAPSHOT/org.moreunit.test.dependencies-4.0.2-SNAPSHOT.jar
[INFO]
[INFO] --- antrun:3.2.0:run (avoid-equinox-exception) @ org.moreunit.mock.test ---
[INFO] Executing tasks
[INFO] Executed tasks
[INFO]
[INFO] --- resources:3.3.1:resources (default-resources) @ org.moreunit.mock.test ---
[INFO] skip non existing resourceDirectory /app/org.moreunit.mock.test/src/main/resources
[INFO]
[INFO] --- tycho-compiler:5.0.2:compile (default-compile) @ org.moreunit.mock.test ---
[INFO] Compiling 23 source files to /app/org.moreunit.mock.test/target/classes using Eclipse Compiler for Java(TM) 3.44.0.v20251118-1623
[INFO]
[INFO] --- tycho-ds:5.0.2:declarative-services (default-declarative-services) @ org.moreunit.mock.test ---
[INFO]
[INFO] --- resources:3.3.1:testResources (default-testResources) @ org.moreunit.mock.test ---
[INFO] skip non existing resourceDirectory /app/org.moreunit.mock.test/src/test/resources
[INFO] ------------------------------------------------------------------------
[INFO] Reactor Summary for moreunit 4.0.2-SNAPSHOT:
[INFO]
[INFO] moreunit ........................................... SUCCESS [  0.316 s]
[INFO] org.moreunit.core.test ............................. SUCCESS [ 21.964 s]
[INFO] org.moreunit.test .................................. SUCCESS [  1.634 s]
[INFO] org.moreunit.mock.test ............................. SUCCESS [  1.359 s]
[INFO] ------------------------------------------------------------------------
[INFO] BUILD SUCCESS
[INFO] ------------------------------------------------------------------------
[INFO] Total time:  31.388 s
[INFO] Finished at: 2026-05-20T00:57:40Z
[INFO] ------------------------------------------------------------------------
